<?xml version="1.0" encoding="UTF-8"?>
<!-- Generated by org.testng.reporters.JUnitXMLReporter -->
<testsuite hostname="DESKTOP-35R7AQS" failures="0" tests="4" name="Test" time="0.069" errors="0" timestamp="1 Aug 2024 23:17:26 GMT">
  <testcase classname="selenium12.all" name="b" time="0.017"/>
  <testcase classname="selenium12.as" name="s" time="0.003"/>
  <testcase classname="selenium12.s" name="d" time="0.008"/>
  <testcase classname="selenium12.get" name="a" time="0.005"/>
</testsuite> <!-- Test -->
